#
# There is insufficient memory for the Java Runtime Environment to continue.
# Native memory allocation (mmap) failed to map 192937984 bytes for G1 virtual space
# Possible reasons:
#   The system is out of physical RAM or swap space
#   The process is running with CompressedOops enabled, and the Java Heap may be blocking the growth of the native heap
# Possible solutions:
#   Reduce memory load on the system
#   Increase physical memory or swap space
#   Check if swap backing store is full
#   Decrease Java heap size (-Xmx/-Xms)
#   Decrease number of Java threads
#   Decrease Java thread stack sizes (-Xss)
#   Set larger code cache with -XX:ReservedCodeCacheSize=
#   JVM is running with Unscaled Compressed Oops mode in which the Java heap is
#     placed in the first 4GB address space. The Java Heap base address is the
#     maximum limit for the native heap growth. Please use -XX:HeapBaseMinAddress
#     to set the Java Heap base and to place the Java Heap above 4GB virtual address.
# This output file may be truncated or incomplete.
#
#  Out of Memory Error (os_windows.cpp:3613), pid=4484, tid=13920
#
# JRE version:  (17.0.9+9) (build )
# Java VM: OpenJDK 64-Bit Server VM (17.0.9+9, mixed mode, emulated-client, sharing, tiered, compressed oops, compressed class ptrs, g1 gc, windows-amd64)
# No core dump will be written. Minidumps are not enabled by default on client versions of Windows
#

---------------  S U M M A R Y ------------

Command Line: -XX:+HeapDumpOnOutOfMemoryError -Xmx1024m -Dsts.lsp.client=vscode -Dsts.log.file=/dev/null -XX:TieredStopAtLevel=1 -Xlog:jni+resolve=off -Dspring.config.location=file:c:\Users\Afiq Fahmi\.vscode\extensions\vmware.vscode-spring-boot-1.51.0\language-server\BOOT-INF\classes\application.properties org.springframework.ide.vscode.boot.app.BootLanguageServerBootApp

Host: AMD Ryzen 7 4800H with Radeon Graphics         , 16 cores, 11G,  Windows 11 , 64 bit Build 22621 (10.0.22621.2506)
Time: Sat Jan 27 00:40:10 2024 Malay Peninsula Standard Time elapsed time: 0.054812 seconds (0d 0h 0m 0s)

---------------  T H R E A D  ---------------

Current thread (0x0000016af0298870):  JavaThread "Unknown thread" [_thread_in_vm, id=13920, stack(0x0000001aafb00000,0x0000001aafc00000)]

Stack: [0x0000001aafb00000,0x0000001aafc00000]
Native frames: (J=compiled Java code, j=interpreted, Vv=VM code, C=native code)
V  [jvm.dll+0x67cf49]
V  [jvm.dll+0x83478a]
V  [jvm.dll+0x83624e]
V  [jvm.dll+0x8368b3]
V  [jvm.dll+0x247f1f]
V  [jvm.dll+0x679d69]
V  [jvm.dll+0x66e6ba]
V  [jvm.dll+0x307e5b]
V  [jvm.dll+0x30f306]
V  [jvm.dll+0x35f0ce]
V  [jvm.dll+0x35f2ff]
V  [jvm.dll+0x2dea58]
V  [jvm.dll+0x2df9c4]
V  [jvm.dll+0x806031]
V  [jvm.dll+0x36cf31]
V  [jvm.dll+0x7e4aac]
V  [jvm.dll+0x3f07af]
V  [jvm.dll+0x3f23e1]
C  [jli.dll+0x528f]
C  [ucrtbase.dll+0x29363]
C  [KERNEL32.DLL+0x1257d]
C  [ntdll.dll+0x5aa58]


---------------  P R O C E S S  ---------------

Threads class SMR info:
_java_thread_list=0x00007ff88f17ee98, length=0, elements={
}

Java Threads: ( => current thread )

Other Threads:
  0x0000016af02d76e0 GCTaskThread "GC Thread#0" [stack: 0x0000001aafc00000,0x0000001aafd00000] [id=4252]
  0x0000016af02e0540 ConcurrentGCThread "G1 Main Marker" [stack: 0x0000001aafd00000,0x0000001aafe00000] [id=35108]
  0x0000016af02e0e70 ConcurrentGCThread "G1 Conc#0" [stack: 0x0000001aafe00000,0x0000001aaff00000] [id=10456]

[error occurred during error reporting (printing all threads), id 0xc0000005, EXCEPTION_ACCESS_VIOLATION (0xc0000005) at pc=0x00007ff88e93f497]

VM state: not at safepoint (not fully initialized)

VM Mutex/Monitor currently owned by a thread:  ([mutex/lock_event])
[0x0000016aedeedb00] Heap_lock - owner thread: 0x0000016af0298870

Heap address: 0x00000000c0000000, size: 1024 MB, Compressed Oops mode: 32-bit

CDS archive(s) mapped at: [0x0000000000000000-0x0000000000000000-0x0000000000000000), size 0, SharedBaseAddress: 0x0000000800000000, ArchiveRelocationMode: 1.
Narrow klass base: 0x0000000000000000, Narrow klass shift: 0, Narrow klass range: 0x0

GC Precious Log:
<Empty>

Heap:
 garbage-first heap   total 0K, used 0K [0x00000000c0000000, 0x0000000100000000)
  region size 1024K, 0 young (0K), 0 survivors (0K)

[error occurred during error reporting (printing heap information), id 0xc0000005, EXCEPTION_ACCESS_VIOLATION (0xc0000005) at pc=0x00007ff88ed26c79]

GC Heap History (0 events):
No events

Dll operation events (1 events):
Event: 0.021 Loaded shared library c:\Users\Afiq Fahmi\.vscode\extensions\redhat.java-1.26.0-win32-x64\jre\17.0.9-win32-x86_64\bin\java.dll

Deoptimization events (0 events):
No events

Classes unloaded (0 events):
No events

Classes redefined (0 events):
No events

Internal exceptions (0 events):
No events

VM Operations (0 events):
No events

Events (0 events):
No events


Dynamic libraries:
0x00007ff62d190000 - 0x00007ff62d19e000 	c:\Users\Afiq Fahmi\.vscode\extensions\redhat.java-1.26.0-win32-x64\jre\17.0.9-win32-x86_64\bin\java.exe
0x00007ff92d390000 - 0x00007ff92d5a7000 	C:\WINDOWS\SYSTEM32\ntdll.dll
0x00007ff92c440000 - 0x00007ff92c504000 	C:\WINDOWS\System32\KERNEL32.DLL
0x00007ff92a7f0000 - 0x00007ff92ab96000 	C:\WINDOWS\System32\KERNELBASE.dll
0x00007ff92a6d0000 - 0x00007ff92a7e1000 	C:\WINDOWS\System32\ucrtbase.dll
0x00007ff8e0930000 - 0x00007ff8e0947000 	c:\Users\Afiq Fahmi\.vscode\extensions\redhat.java-1.26.0-win32-x64\jre\17.0.9-win32-x86_64\bin\jli.dll
0x00007ff92c800000 - 0x00007ff92c9ae000 	C:\WINDOWS\System32\USER32.dll
0x00007ff92aec0000 - 0x00007ff92aee6000 	C:\WINDOWS\System32\win32u.dll
0x00007ff92c6b0000 - 0x00007ff92c6d9000 	C:\WINDOWS\System32\GDI32.dll
0x00007ff92aef0000 - 0x00007ff92b008000 	C:\WINDOWS\System32\gdi32full.dll
0x00007ff92b010000 - 0x00007ff92b0aa000 	C:\WINDOWS\System32\msvcp_win.dll
0x00007ff8e0770000 - 0x00007ff8e078b000 	c:\Users\Afiq Fahmi\.vscode\extensions\redhat.java-1.26.0-win32-x64\jre\17.0.9-win32-x86_64\bin\VCRUNTIME140.dll
0x00007ff91a2b0000 - 0x00007ff91a543000 	C:\WINDOWS\WinSxS\amd64_microsoft.windows.common-controls_6595b64144ccf1df_6.0.22621.2506_none_270c5ae97388e100\COMCTL32.dll
0x00007ff92b2d0000 - 0x00007ff92b377000 	C:\WINDOWS\System32\msvcrt.dll
0x00007ff92b9a0000 - 0x00007ff92b9d1000 	C:\WINDOWS\System32\IMM32.DLL
0x00007ff913740000 - 0x00007ff91374c000 	c:\Users\Afiq Fahmi\.vscode\extensions\redhat.java-1.26.0-win32-x64\jre\17.0.9-win32-x86_64\bin\vcruntime140_1.dll
0x00007ff8d3fc0000 - 0x00007ff8d404d000 	c:\Users\Afiq Fahmi\.vscode\extensions\redhat.java-1.26.0-win32-x64\jre\17.0.9-win32-x86_64\bin\msvcp140.dll
0x00007ff88e650000 - 0x00007ff88f2b1000 	c:\Users\Afiq Fahmi\.vscode\extensions\redhat.java-1.26.0-win32-x64\jre\17.0.9-win32-x86_64\bin\server\jvm.dll
0x00007ff92b770000 - 0x00007ff92b823000 	C:\WINDOWS\System32\ADVAPI32.dll
0x00007ff92c380000 - 0x00007ff92c428000 	C:\WINDOWS\System32\sechost.dll
0x00007ff92b0b0000 - 0x00007ff92b0d8000 	C:\WINDOWS\System32\bcrypt.dll
0x00007ff92c6e0000 - 0x00007ff92c7f7000 	C:\WINDOWS\System32\RPCRT4.dll
0x00007ff911de0000 - 0x00007ff911de9000 	C:\WINDOWS\SYSTEM32\WSOCK32.dll
0x00007ff92a3f0000 - 0x00007ff92a43d000 	C:\WINDOWS\SYSTEM32\POWRPROF.dll
0x00007ff92c300000 - 0x00007ff92c371000 	C:\WINDOWS\System32\WS2_32.dll
0x00007ff922600000 - 0x00007ff922634000 	C:\WINDOWS\SYSTEM32\WINMM.dll
0x00007ff921760000 - 0x00007ff92176a000 	C:\WINDOWS\SYSTEM32\VERSION.dll
0x00007ff92a3d0000 - 0x00007ff92a3e3000 	C:\WINDOWS\SYSTEM32\UMPDC.dll
0x00007ff929670000 - 0x00007ff929688000 	C:\WINDOWS\SYSTEM32\kernel.appcore.dll
0x00007ff90cfc0000 - 0x00007ff90cfca000 	c:\Users\Afiq Fahmi\.vscode\extensions\redhat.java-1.26.0-win32-x64\jre\17.0.9-win32-x86_64\bin\jimage.dll
0x00007ff91e1f0000 - 0x00007ff91e423000 	C:\WINDOWS\SYSTEM32\DBGHELP.DLL
0x00007ff92bf70000 - 0x00007ff92c2f9000 	C:\WINDOWS\System32\combase.dll
0x00007ff92c5c0000 - 0x00007ff92c697000 	C:\WINDOWS\System32\OLEAUT32.dll
0x00007ff910580000 - 0x00007ff9105b2000 	C:\WINDOWS\SYSTEM32\dbgcore.DLL
0x00007ff92acd0000 - 0x00007ff92ad4a000 	C:\WINDOWS\System32\bcryptPrimitives.dll
0x00007ff8dfe10000 - 0x00007ff8dfe35000 	c:\Users\Afiq Fahmi\.vscode\extensions\redhat.java-1.26.0-win32-x64\jre\17.0.9-win32-x86_64\bin\java.dll

dbghelp: loaded successfully - version: 4.0.5 - missing functions: none
symbol engine: initialized successfully - sym options: 0x614 - pdb path: .;c:\Users\Afiq Fahmi\.vscode\extensions\redhat.java-1.26.0-win32-x64\jre\17.0.9-win32-x86_64\bin;C:\WINDOWS\SYSTEM32;C:\WINDOWS\WinSxS\amd64_microsoft.windows.common-controls_6595b64144ccf1df_6.0.22621.2506_none_270c5ae97388e100;c:\Users\Afiq Fahmi\.vscode\extensions\redhat.java-1.26.0-win32-x64\jre\17.0.9-win32-x86_64\bin\server

VM Arguments:
jvm_args: -XX:+HeapDumpOnOutOfMemoryError -Xmx1024m -Dsts.lsp.client=vscode -Dsts.log.file=/dev/null -XX:TieredStopAtLevel=1 -Xlog:jni+resolve=off -Dspring.config.location=file:c:\Users\Afiq Fahmi\.vscode\extensions\vmware.vscode-spring-boot-1.51.0\language-server\BOOT-INF\classes\application.properties 
java_command: org.springframework.ide.vscode.boot.app.BootLanguageServerBootApp
java_class_path (initial): c:\Users\Afiq Fahmi\.vscode\extensions\vmware.vscode-spring-boot-1.51.0\language-server\BOOT-INF\classes;c:\Users\Afiq Fahmi\.vscode\extensions\vmware.vscode-spring-boot-1.51.0\language-server\BOOT-INF\lib\annotations-24.1.0.jar;c:\Users\Afiq Fahmi\.vscode\extensions\vmware.vscode-spring-boot-1.51.0\language-server\BOOT-INF\lib\antlr-runtime-3.5.3.jar;c:\Users\Afiq Fahmi\.vscode\extensions\vmware.vscode-spring-boot-1.51.0\language-server\BOOT-INF\lib\antlr4-4.11.1.jar;c:\Users\Afiq Fahmi\.vscode\extensions\vmware.vscode-spring-boot-1.51.0\language-server\BOOT-INF\lib\antlr4-runtime-4.11.1.jar;c:\Users\Afiq Fahmi\.vscode\extensions\vmware.vscode-spring-boot-1.51.0\language-server\BOOT-INF\lib\asm-9.6.jar;c:\Users\Afiq Fahmi\.vscode\extensions\vmware.vscode-spring-boot-1.51.0\language-server\BOOT-INF\lib\asm-analysis-9.6.jar;c:\Users\Afiq Fahmi\.vscode\extensions\vmware.vscode-spring-boot-1.51.0\language-server\BOOT-INF\lib\asm-tree-9.6.jar;c:\Users\Afiq Fahmi\.vscode\extensions\vmware.vscode-spring-boot-1.51.0\language-server\BOOT-INF\lib\asm-util-9.6.jar;c:\Users\Afiq Fahmi\.vscode\extensions\vmware.vscode-spring-boot-1.51.0\language-server\BOOT-INF\lib\bosh-language-server-1.51.0-SNAPSHOT.jar;c:\Users\Afiq Fahmi\.vscode\extensions\vmware.vscode-spring-boot-1.51.0\language-server\BOOT-INF\lib\caffeine-3.1.8.jar;c:\Users\Afiq Fahmi\.vscode\extensions\vmware.vscode-spring-boot-1.51.0\language-server\BOOT-INF\lib\checker-qual-3.12.0.jar;c:\Users\Afiq Fahmi\.vscode\extensions\vmware.vscode-spring-boot-1.51.0\language-server\BOOT-INF\lib\classgraph-4.8.149.jar;c:\Users\Afiq Fahmi\.vscode\extensions\vmware.vscode-spring-boot-1.51.0\language-server\BOOT-INF\lib\commons-codec-1.15.jar;c:\Users\Afiq Fahmi\.vscode\extensions\vmware.vscode-spring-boot-1.51.0\language-server\BOOT-INF\lib\commons-compress-1.25.0.jar;c:\Users\Afiq Fahmi\.vscode\extensions\vmware.vscode-spring-boot-1.51.0\language-server\BOOT-INF\lib\commons-io-2.4.jar;c:\Users\Afiq Fa
Launcher Type: SUN_STANDARD

[Global flags]
     intx CICompilerCount                          = 12                                        {product} {ergonomic}
     uint ConcGCThreads                            = 3                                         {product} {ergonomic}
     uint G1ConcRefinementThreads                  = 13                                        {product} {ergonomic}
   size_t G1HeapRegionSize                         = 1048576                                   {product} {ergonomic}
    uintx GCDrainStackTargetSize                   = 64                                        {product} {ergonomic}
     bool HeapDumpOnOutOfMemoryError               = true                                   {manageable} {command line}
   size_t InitialHeapSize                          = 192937984                                 {product} {ergonomic}
   size_t MarkStackSize                            = 4194304                                   {product} {ergonomic}
   size_t MaxHeapSize                              = 1073741824                                {product} {command line}
   size_t MinHeapDeltaBytes                        = 1048576                                   {product} {ergonomic}
   size_t MinHeapSize                              = 8388608                                   {product} {ergonomic}
    uintx NonProfiledCodeHeapSize                  = 0                                      {pd product} {ergonomic}
     bool ProfileInterpreter                       = false                                  {pd product} {command line}
    uintx ProfiledCodeHeapSize                     = 0                                      {pd product} {ergonomic}
   size_t SoftMaxHeapSize                          = 1073741824                             {manageable} {ergonomic}
     intx TieredStopAtLevel                        = 1                                         {product} {command line}
     bool UseCompressedClassPointers               = true                           {product lp64_product} {ergonomic}
     bool UseCompressedOops                        = true                           {product lp64_product} {ergonomic}
     bool UseG1GC                                  = true                                      {product} {ergonomic}
     bool UseLargePagesIndividualAllocation        = false                                  {pd product} {ergonomic}

Logging:
Log output configuration:
 #0: stdout all=warning,jni+resolve=off uptime,level,tags (reconfigured)
 #1: stderr all=off uptime,level,tags

Environment Variables:
JAVA_HOME=C:\Program Files\Java\jdk-20
PATH=C:\Program Files (x86)\Common Files\Oracle\Java\javapath;C:\Program Files\Common Files\Oracle\Java\javapath;C:\Users\Afiq Fahmi\AppData\Local\Microsoft\WindowsApps;C:\MinGW\bin;C:\Users\Afiq Fahmi\.dotnet\tools;C:\SRC\flutter\bin;C:\Program Files\Multipass\bin;C:\Program Files\Java\jdk-20\bin;C:\Program Files\dotnet\;C:\Program Files\Git\cmd;C:\Program Files\nodejs\;C:\Users\Afiq Fahmi\Documents\apache-maven-3.5.4\bin;C:\Program Files\NVIDIA Corporation\NVIDIA NvDLISR;C:\Program Files\PowerShell\7\;C:\Program Files\MySQL\MySQL Shell 8.0\bin\;C:\Users\Afiq Fahmi\AppData\Local\Microsoft\WindowsApps;C:\MinGW\bin;C:\Users\Afiq Fahmi\.dotnet\tools;C:\SRC\flutter\bin;C:\Program Files\Multipass\bin;C:\Users\Afiq Fahmi\AppData\Local\GitHubDesktop\bin;C:\Flutter\flutter\bin;C:\Windows\System32;C:\Users\Afiq Fahmi\AppData\Roaming\npm;C:\Users\Afiq Fahmi\AppData\Local\Programs\Microsoft VS Code\bin
USERNAME=Afiq Fahmi
OS=Windows_NT
PROCESSOR_IDENTIFIER=AMD64 Family 23 Model 96 Stepping 1, AuthenticAMD
TMP=C:\Users\AFIQFA~1\AppData\Local\Temp
TEMP=C:\Users\AFIQFA~1\AppData\Local\Temp



Periodic native trim disabled


---------------  S Y S T E M  ---------------

OS:
 Windows 11 , 64 bit Build 22621 (10.0.22621.2506)
OS uptime: 4 days 14:27 hours
Hyper-V role detected

CPU: total 16 (initial active 16) (16 cores per cpu, 2 threads per core) family 23 model 96 stepping 1 microcode 0x0, cx8, cmov, fxsr, ht, mmx, 3dnowpref, sse, sse2, sse3, ssse3, sse4a, sse4.1, sse4.2, popcnt, lzcnt, tsc, tscinvbit, avx, avx2, aes, clmul, bmi1, bmi2, adx, sha, fma, vzeroupper, clflush, clflushopt, hv
Processor Information for all 16 processors :
  Max Mhz: 2900, Current Mhz: 2900, Mhz Limit: 2900

Memory: 4k page, system-wide physical 11695M (492M free)
TotalPageFile size 48559M (AvailPageFile size 331M)
current process WorkingSet (physical memory assigned to process): 11M, peak: 11M
current process commit charge ("private bytes"): 65M, peak: 249M

vm_info: OpenJDK 64-Bit Server VM (17.0.9+9) for windows-amd64 JRE (17.0.9+9), built on Oct 26 2023 14:01:42 by "admin" with MS VC++ 16.10 / 16.11 (VS2019)

END.
